2023-12-19 07:50:00.065 ERROR --- [client.config.security.updater] c.a.nacos.client.security.SecurityProxy  : [SecurityProxy] login http request failed url: http://nacos:8848/nacos/v1/auth/users/login, params: {username=nacos}, bodyMap: {password=nacos}, errorMsg: Connection refused (Connection refused)
2023-12-19 07:50:01.410 ERROR --- [                          main] c.a.n.c.config.http.ServerHttpAgent      : [NACOS ConnectException httpGet] currentServerAddr:http://nacos:8848, err : Connection refused (Connection refused)
2023-12-19 07:50:01.610 ERROR --- [                          main] c.a.n.c.config.http.ServerHttpAgent      : [NACOS ConnectException httpGet] currentServerAddr:http://nacos:8848, err : Connection refused (Connection refused)
2023-12-19 07:50:01.810 ERROR --- [                          main] c.a.n.c.config.http.ServerHttpAgent      : [NACOS ConnectException httpGet] currentServerAddr:http://nacos:8848, err : Connection refused (Connection refused)
2023-12-19 07:50:02.010 ERROR --- [                          main] c.a.n.c.config.http.ServerHttpAgent      : [NACOS ConnectException httpGet] currentServerAddr:http://nacos:8848, err : Connection refused (Connection refused)
2023-12-19 07:50:02.013 ERROR --- [                          main] c.a.n.client.config.impl.ClientWorker    : [fixed-nacos_8848] [sub-server] get server config exception, dataId=metrics.enabled, group=DEFAULT_GROUP, tenant=
==>
java.net.ConnectException: [NACOS HTTP-GET] The maximum number of tolerable server reconnection errors has been reached
	at com.alibaba.nacos.client.config.http.ServerHttpAgent.httpGet(ServerHttpAgent.java:125)
	at com.alibaba.nacos.client.config.http.MetricsHttpAgent.httpGet(MetricsHttpAgent.java:51)
	at com.alibaba.nacos.client.config.impl.ClientWorker.getServerConfig(ClientWorker.java:200)
	at com.alibaba.nacos.client.config.NacosConfigService.getConfigInner(NacosConfigService.java:160)
	at com.alibaba.nacos.client.config.NacosConfigService.getConfig(NacosConfigService.java:100)
	at io.seata.config.nacos.NacosConfiguration.getLatestConfig(NacosConfiguration.java:109)
	at io.seata.config.AbstractConfiguration.getConfig(AbstractConfiguration.java:141)
	at io.seata.config.AbstractConfiguration.getConfig(AbstractConfiguration.java:132)
	at io.seata.config.AbstractConfiguration.getBoolean(AbstractConfiguration.java:111)
	at io.seata.config.AbstractConfiguration.getBoolean(AbstractConfiguration.java:117)
	at sun.reflect.NativeMethodAccessorImpl.invoke0(Native Method)
	at sun.reflect.NativeMethodAccessorImpl.invoke(NativeMethodAccessorImpl.java:62)
	at sun.reflect.DelegatingMethodAccessorImpl.invoke(DelegatingMethodAccessorImpl.java:43)
	at java.lang.reflect.Method.invoke(Method.java:498)
	at io.seata.config.ConfigurationCache.lambda$proxy$1(ConfigurationCache.java:116)
	at io.seata.config.Configuration$$EnhancerByCGLIB$$d4e8f256.getBoolean(<generated>)
	at io.seata.server.metrics.MetricsManager.init(MetricsManager.java:49)
	at io.seata.server.Server.start(Server.java:61)
	at io.seata.server.ServerRunner.run(ServerRunner.java:50)
	at org.springframework.boot.SpringApplication.callRunner(SpringApplication.java:808)
	at org.springframework.boot.SpringApplication.callRunners(SpringApplication.java:792)
	at org.springframework.boot.SpringApplication.run(SpringApplication.java:346)
	at org.springframework.boot.SpringApplication.run(SpringApplication.java:1329)
	at org.springframework.boot.SpringApplication.run(SpringApplication.java:1318)
	at io.seata.server.ServerApplication.main(ServerApplication.java:30)
<==

2023-12-19 07:50:02.017 ERROR --- [                          main] c.a.n.c.config.http.ServerHttpAgent      : [NACOS ConnectException httpGet] currentServerAddr:http://nacos:8848, err : Connection refused (Connection refused)
2023-12-19 07:50:02.218 ERROR --- [                          main] c.a.n.c.config.http.ServerHttpAgent      : [NACOS ConnectException httpGet] currentServerAddr:http://nacos:8848, err : Connection refused (Connection refused)
2023-12-19 07:50:02.417 ERROR --- [                          main] c.a.n.c.config.http.ServerHttpAgent      : [NACOS ConnectException httpGet] currentServerAddr:http://nacos:8848, err : Connection refused (Connection refused)
2023-12-19 07:50:02.617 ERROR --- [                          main] c.a.n.c.config.http.ServerHttpAgent      : [NACOS ConnectException httpGet] currentServerAddr:http://nacos:8848, err : Connection refused (Connection refused)
2023-12-19 07:50:02.618 ERROR --- [                          main] c.a.n.client.config.impl.ClientWorker    : [fixed-nacos_8848] [sub-server] get server config exception, dataId=transport.threadFactory.bossThreadPrefix, group=DEFAULT_GROUP, tenant=
==>
java.net.ConnectException: [NACOS HTTP-GET] The maximum number of tolerable server reconnection errors has been reached
	at com.alibaba.nacos.client.config.http.ServerHttpAgent.httpGet(ServerHttpAgent.java:125)
	at com.alibaba.nacos.client.config.http.MetricsHttpAgent.httpGet(MetricsHttpAgent.java:51)
	at com.alibaba.nacos.client.config.impl.ClientWorker.getServerConfig(ClientWorker.java:200)
	at com.alibaba.nacos.client.config.NacosConfigService.getConfigInner(NacosConfigService.java:160)
	at com.alibaba.nacos.client.config.NacosConfigService.getConfig(NacosConfigService.java:100)
	at io.seata.config.nacos.NacosConfiguration.getLatestConfig(NacosConfiguration.java:109)
	at io.seata.config.AbstractConfiguration.getConfig(AbstractConfiguration.java:141)
	at io.seata.config.AbstractConfiguration.getConfig(AbstractConfiguration.java:132)
	at io.seata.config.AbstractConfiguration.getConfig(AbstractConfiguration.java:146)
	at sun.reflect.NativeMethodAccessorImpl.invoke0(Native Method)
	at sun.reflect.NativeMethodAccessorImpl.invoke(NativeMethodAccessorImpl.java:62)
	at sun.reflect.DelegatingMethodAccessorImpl.invoke(DelegatingMethodAccessorImpl.java:43)
	at java.lang.reflect.Method.invoke(Method.java:498)
	at io.seata.config.ConfigurationCache.lambda$proxy$1(ConfigurationCache.java:116)
	at io.seata.config.Configuration$$EnhancerByCGLIB$$d4e8f256.getConfig(<generated>)
	at io.seata.core.rpc.netty.NettyBaseConfig.<clinit>(NettyBaseConfig.java:58)
	at io.seata.server.Server.start(Server.java:65)
	at io.seata.server.ServerRunner.run(ServerRunner.java:50)
	at org.springframework.boot.SpringApplication.callRunner(SpringApplication.java:808)
	at org.springframework.boot.SpringApplication.callRunners(SpringApplication.java:792)
	at org.springframework.boot.SpringApplication.run(SpringApplication.java:346)
	at org.springframework.boot.SpringApplication.run(SpringApplication.java:1329)
	at org.springframework.boot.SpringApplication.run(SpringApplication.java:1318)
	at io.seata.server.ServerApplication.main(ServerApplication.java:30)
<==

2023-12-19 07:50:02.620 ERROR --- [                          main] c.a.n.c.config.http.ServerHttpAgent      : [NACOS ConnectException httpGet] currentServerAddr:http://nacos:8848, err : Connection refused (Connection refused)
2023-12-19 07:50:02.820 ERROR --- [                          main] c.a.n.c.config.http.ServerHttpAgent      : [NACOS ConnectException httpGet] currentServerAddr:http://nacos:8848, err : Connection refused (Connection refused)
2023-12-19 07:50:03.021 ERROR --- [                          main] c.a.n.c.config.http.ServerHttpAgent      : [NACOS ConnectException httpGet] currentServerAddr:http://nacos:8848, err : Connection refused (Connection refused)
2023-12-19 07:50:03.221 ERROR --- [                          main] c.a.n.c.config.http.ServerHttpAgent      : [NACOS ConnectException httpGet] currentServerAddr:http://nacos:8848, err : Connection refused (Connection refused)
2023-12-19 07:50:03.221 ERROR --- [                          main] c.a.n.client.config.impl.ClientWorker    : [fixed-nacos_8848] [sub-server] get server config exception, dataId=transport.threadFactory.workerThreadPrefix, group=DEFAULT_GROUP, tenant=
==>
java.net.ConnectException: [NACOS HTTP-GET] The maximum number of tolerable server reconnection errors has been reached
	at com.alibaba.nacos.client.config.http.ServerHttpAgent.httpGet(ServerHttpAgent.java:125)
	at com.alibaba.nacos.client.config.http.MetricsHttpAgent.httpGet(MetricsHttpAgent.java:51)
	at com.alibaba.nacos.client.config.impl.ClientWorker.getServerConfig(ClientWorker.java:200)
	at com.alibaba.nacos.client.config.NacosConfigService.getConfigInner(NacosConfigService.java:160)
	at com.alibaba.nacos.client.config.NacosConfigService.getConfig(NacosConfigService.java:100)
	at io.seata.config.nacos.NacosConfiguration.getLatestConfig(NacosConfiguration.java:109)
	at io.seata.config.AbstractConfiguration.getConfig(AbstractConfiguration.java:141)
	at io.seata.config.AbstractConfiguration.getConfig(AbstractConfiguration.java:132)
	at io.seata.config.AbstractConfiguration.getConfig(AbstractConfiguration.java:146)
	at sun.reflect.NativeMethodAccessorImpl.invoke0(Native Method)
	at sun.reflect.NativeMethodAccessorImpl.invoke(NativeMethodAccessorImpl.java:62)
	at sun.reflect.DelegatingMethodAccessorImpl.invoke(DelegatingMethodAccessorImpl.java:43)
	at java.lang.reflect.Method.invoke(Method.java:498)
	at io.seata.config.ConfigurationCache.lambda$proxy$1(ConfigurationCache.java:116)
	at io.seata.config.Configuration$$EnhancerByCGLIB$$d4e8f256.getConfig(<generated>)
	at io.seata.core.rpc.netty.NettyBaseConfig.<clinit>(NettyBaseConfig.java:63)
	at io.seata.server.Server.start(Server.java:65)
	at io.seata.server.ServerRunner.run(ServerRunner.java:50)
	at org.springframework.boot.SpringApplication.callRunner(SpringApplication.java:808)
	at org.springframework.boot.SpringApplication.callRunners(SpringApplication.java:792)
	at org.springframework.boot.SpringApplication.run(SpringApplication.java:346)
	at org.springframework.boot.SpringApplication.run(SpringApplication.java:1329)
	at org.springframework.boot.SpringApplication.run(SpringApplication.java:1318)
	at io.seata.server.ServerApplication.main(ServerApplication.java:30)
<==

2023-12-19 07:50:03.223 ERROR --- [                          main] c.a.n.c.config.http.ServerHttpAgent      : [NACOS ConnectException httpGet] currentServerAddr:http://nacos:8848, err : Connection refused (Connection refused)
2023-12-19 07:50:03.423 ERROR --- [                          main] c.a.n.c.config.http.ServerHttpAgent      : [NACOS ConnectException httpGet] currentServerAddr:http://nacos:8848, err : Connection refused (Connection refused)
2023-12-19 07:50:03.624 ERROR --- [                          main] c.a.n.c.config.http.ServerHttpAgent      : [NACOS ConnectException httpGet] currentServerAddr:http://nacos:8848, err : Connection refused (Connection refused)
2023-12-19 07:50:03.823 ERROR --- [                          main] c.a.n.c.config.http.ServerHttpAgent      : [NACOS ConnectException httpGet] currentServerAddr:http://nacos:8848, err : Connection refused (Connection refused)
2023-12-19 07:50:03.824 ERROR --- [                          main] c.a.n.client.config.impl.ClientWorker    : [fixed-nacos_8848] [sub-server] get server config exception, dataId=transport.threadFactory.shareBossWorker, group=DEFAULT_GROUP, tenant=
==>
java.net.ConnectException: [NACOS HTTP-GET] The maximum number of tolerable server reconnection errors has been reached
	at com.alibaba.nacos.client.config.http.ServerHttpAgent.httpGet(ServerHttpAgent.java:125)
	at com.alibaba.nacos.client.config.http.MetricsHttpAgent.httpGet(MetricsHttpAgent.java:51)
	at com.alibaba.nacos.client.config.impl.ClientWorker.getServerConfig(ClientWorker.java:200)
	at com.alibaba.nacos.client.config.NacosConfigService.getConfigInner(NacosConfigService.java:160)
	at com.alibaba.nacos.client.config.NacosConfigService.getConfig(NacosConfigService.java:100)
	at io.seata.config.nacos.NacosConfiguration.getLatestConfig(NacosConfiguration.java:109)
	at io.seata.config.AbstractConfiguration.getConfig(AbstractConfiguration.java:141)
	at io.seata.config.AbstractConfiguration.getConfig(AbstractConfiguration.java:132)
	at io.seata.config.AbstractConfiguration.getBoolean(AbstractConfiguration.java:111)
	at io.seata.config.AbstractConfiguration.getBoolean(AbstractConfiguration.java:117)
	at io.seata.config.AbstractConfiguration.getBoolean(AbstractConfiguration.java:122)
	at sun.reflect.NativeMethodAccessorImpl.invoke0(Native Method)
	at sun.reflect.NativeMethodAccessorImpl.invoke(NativeMethodAccessorImpl.java:62)
	at sun.reflect.DelegatingMethodAccessorImpl.invoke(DelegatingMethodAccessorImpl.java:43)
	at java.lang.reflect.Method.invoke(Method.java:498)
	at io.seata.config.ConfigurationCache.lambda$proxy$1(ConfigurationCache.java:116)
	at io.seata.config.Configuration$$EnhancerByCGLIB$$d4e8f256.getBoolean(<generated>)
	at io.seata.core.rpc.netty.NettyBaseConfig.<clinit>(NettyBaseConfig.java:68)
	at io.seata.server.Server.start(Server.java:65)
	at io.seata.server.ServerRunner.run(ServerRunner.java:50)
	at org.springframework.boot.SpringApplication.callRunner(SpringApplication.java:808)
	at org.springframework.boot.SpringApplication.callRunners(SpringApplication.java:792)
	at org.springframework.boot.SpringApplication.run(SpringApplication.java:346)
	at org.springframework.boot.SpringApplication.run(SpringApplication.java:1329)
	at org.springframework.boot.SpringApplication.run(SpringApplication.java:1318)
	at io.seata.server.ServerApplication.main(ServerApplication.java:30)
<==

2023-12-19 07:50:03.826 ERROR --- [                          main] c.a.n.c.config.http.ServerHttpAgent      : [NACOS ConnectException httpGet] currentServerAddr:http://nacos:8848, err : Connection refused (Connection refused)
2023-12-19 07:50:04.027 ERROR --- [                          main] c.a.n.c.config.http.ServerHttpAgent      : [NACOS ConnectException httpGet] currentServerAddr:http://nacos:8848, err : Connection refused (Connection refused)
2023-12-19 07:50:04.227 ERROR --- [                          main] c.a.n.c.config.http.ServerHttpAgent      : [NACOS ConnectException httpGet] currentServerAddr:http://nacos:8848, err : Connection refused (Connection refused)
2023-12-19 07:50:04.427 ERROR --- [                          main] c.a.n.c.config.http.ServerHttpAgent      : [NACOS ConnectException httpGet] currentServerAddr:http://nacos:8848, err : Connection refused (Connection refused)
2023-12-19 07:50:04.428 ERROR --- [                          main] c.a.n.client.config.impl.ClientWorker    : [fixed-nacos_8848] [sub-server] get server config exception, dataId=transport.type, group=DEFAULT_GROUP, tenant=
==>
java.net.ConnectException: [NACOS HTTP-GET] The maximum number of tolerable server reconnection errors has been reached
	at com.alibaba.nacos.client.config.http.ServerHttpAgent.httpGet(ServerHttpAgent.java:125)
	at com.alibaba.nacos.client.config.http.MetricsHttpAgent.httpGet(MetricsHttpAgent.java:51)
	at com.alibaba.nacos.client.config.impl.ClientWorker.getServerConfig(ClientWorker.java:200)
	at com.alibaba.nacos.client.config.NacosConfigService.getConfigInner(NacosConfigService.java:160)
	at com.alibaba.nacos.client.config.NacosConfigService.getConfig(NacosConfigService.java:100)
	at io.seata.config.nacos.NacosConfiguration.getLatestConfig(NacosConfiguration.java:109)
	at io.seata.config.AbstractConfiguration.getConfig(AbstractConfiguration.java:141)
	at io.seata.config.AbstractConfiguration.getConfig(AbstractConfiguration.java:127)
	at sun.reflect.NativeMethodAccessorImpl.invoke0(Native Method)
	at sun.reflect.NativeMethodAccessorImpl.invoke(NativeMethodAccessorImpl.java:62)
	at sun.reflect.DelegatingMethodAccessorImpl.invoke(DelegatingMethodAccessorImpl.java:43)
	at java.lang.reflect.Method.invoke(Method.java:498)
	at io.seata.config.ConfigurationCache.lambda$proxy$1(ConfigurationCache.java:116)
	at io.seata.config.Configuration$$EnhancerByCGLIB$$d4e8f256.getConfig(<generated>)
	at io.seata.core.rpc.netty.NettyBaseConfig.<clinit>(NettyBaseConfig.java:115)
	at io.seata.server.Server.start(Server.java:65)
	at io.seata.server.ServerRunner.run(ServerRunner.java:50)
	at org.springframework.boot.SpringApplication.callRunner(SpringApplication.java:808)
	at org.springframework.boot.SpringApplication.callRunners(SpringApplication.java:792)
	at org.springframework.boot.SpringApplication.run(SpringApplication.java:346)
	at org.springframework.boot.SpringApplication.run(SpringApplication.java:1329)
	at org.springframework.boot.SpringApplication.run(SpringApplication.java:1318)
	at io.seata.server.ServerApplication.main(ServerApplication.java:30)
<==

2023-12-19 07:50:04.431 ERROR --- [                          main] c.a.n.c.config.http.ServerHttpAgent      : [NACOS ConnectException httpGet] currentServerAddr:http://nacos:8848, err : Connection refused (Connection refused)
2023-12-19 07:50:04.630 ERROR --- [                          main] c.a.n.c.config.http.ServerHttpAgent      : [NACOS ConnectException httpGet] currentServerAddr:http://nacos:8848, err : Connection refused (Connection refused)
2023-12-19 07:50:04.831 ERROR --- [                          main] c.a.n.c.config.http.ServerHttpAgent      : [NACOS ConnectException httpGet] currentServerAddr:http://nacos:8848, err : Connection refused (Connection refused)
2023-12-19 07:50:05.031 ERROR --- [                          main] c.a.n.c.config.http.ServerHttpAgent      : [NACOS ConnectException httpGet] currentServerAddr:http://nacos:8848, err : Connection refused (Connection refused)
2023-12-19 07:50:05.032 ERROR --- [                          main] c.a.n.client.config.impl.ClientWorker    : [fixed-nacos_8848] [sub-server] get server config exception, dataId=transport.threadFactory.workerThreadSize, group=DEFAULT_GROUP, tenant=
==>
java.net.ConnectException: [NACOS HTTP-GET] The maximum number of tolerable server reconnection errors has been reached
	at com.alibaba.nacos.client.config.http.ServerHttpAgent.httpGet(ServerHttpAgent.java:125)
	at com.alibaba.nacos.client.config.http.MetricsHttpAgent.httpGet(MetricsHttpAgent.java:51)
	at com.alibaba.nacos.client.config.impl.ClientWorker.getServerConfig(ClientWorker.java:200)
	at com.alibaba.nacos.client.config.NacosConfigService.getConfigInner(NacosConfigService.java:160)
	at com.alibaba.nacos.client.config.NacosConfigService.getConfig(NacosConfigService.java:100)
	at io.seata.config.nacos.NacosConfiguration.getLatestConfig(NacosConfiguration.java:109)
	at io.seata.config.AbstractConfiguration.getConfig(AbstractConfiguration.java:141)
	at io.seata.config.AbstractConfiguration.getConfig(AbstractConfiguration.java:132)
	at io.seata.config.AbstractConfiguration.getConfig(AbstractConfiguration.java:146)
	at sun.reflect.NativeMethodAccessorImpl.invoke0(Native Method)
	at sun.reflect.NativeMethodAccessorImpl.invoke(NativeMethodAccessorImpl.java:62)
	at sun.reflect.DelegatingMethodAccessorImpl.invoke(DelegatingMethodAccessorImpl.java:43)
	at java.lang.reflect.Method.invoke(Method.java:498)
	at io.seata.config.ConfigurationCache.lambda$proxy$1(ConfigurationCache.java:116)
	at io.seata.config.Configuration$$EnhancerByCGLIB$$d4e8f256.getConfig(<generated>)
	at io.seata.core.rpc.netty.NettyBaseConfig.<clinit>(NettyBaseConfig.java:116)
	at io.seata.server.Server.start(Server.java:65)
	at io.seata.server.ServerRunner.run(ServerRunner.java:50)
	at org.springframework.boot.SpringApplication.callRunner(SpringApplication.java:808)
	at org.springframework.boot.SpringApplication.callRunners(SpringApplication.java:792)
	at org.springframework.boot.SpringApplication.run(SpringApplication.java:346)
	at org.springframework.boot.SpringApplication.run(SpringApplication.java:1329)
	at org.springframework.boot.SpringApplication.run(SpringApplication.java:1318)
	at io.seata.server.ServerApplication.main(ServerApplication.java:30)
<==

2023-12-19 07:50:05.035 ERROR --- [                          main] c.a.n.c.config.http.ServerHttpAgent      : [NACOS ConnectException httpGet] currentServerAddr:http://nacos:8848, err : Connection refused (Connection refused)
2023-12-19 07:50:05.075 ERROR --- [client.config.security.updater] c.a.nacos.client.security.SecurityProxy  : [SecurityProxy] login http request failed url: http://nacos:8848/nacos/v1/auth/users/login, params: {username=nacos}, bodyMap: {password=nacos}, errorMsg: Connection refused (Connection refused)
2023-12-19 07:50:05.236 ERROR --- [                          main] c.a.n.c.config.http.ServerHttpAgent      : [NACOS ConnectException httpGet] currentServerAddr:http://nacos:8848, err : Connection refused (Connection refused)
2023-12-19 07:50:05.435 ERROR --- [                          main] c.a.n.c.config.http.ServerHttpAgent      : [NACOS ConnectException httpGet] currentServerAddr:http://nacos:8848, err : Connection refused (Connection refused)
