2023-12-19 07:49:57.818  INFO --- [                          main] io.seata.server.ServerApplication        : Starting ServerApplication using Java 1.8.0_212 on 2778b03d20e3 with PID 1 (/seata-server/classes started by root in /seata-server)
2023-12-19 07:49:57.824  INFO --- [                          main] io.seata.server.ServerApplication        : No active profile set, falling back to default profiles: default
2023-12-19 07:49:59.916  INFO --- [                          main] o.s.b.w.embedded.tomcat.TomcatWebServer  : Tomcat initialized with port(s): 7099 (http)
2023-12-19 07:49:59.937  INFO --- [                          main] o.a.coyote.http11.Http11NioProtocol      : Initializing ProtocolHandler ["http-nio-7099"]
2023-12-19 07:49:59.937  INFO --- [                          main] o.apache.catalina.core.StandardService   : Starting service [Tomcat]
2023-12-19 07:49:59.938  INFO --- [                          main] org.apache.catalina.core.StandardEngine  : Starting Servlet engine: [Apache Tomcat/9.0.55]
2023-12-19 07:50:00.065 ERROR --- [client.config.security.updater] c.a.nacos.client.security.SecurityProxy  : [SecurityProxy] login http request failed url: http://nacos:8848/nacos/v1/auth/users/login, params: {username=nacos}, bodyMap: {password=nacos}, errorMsg: Connection refused (Connection refused)
2023-12-19 07:50:00.093  INFO --- [                          main] o.a.c.c.C.[Tomcat].[localhost].[/]       : Initializing Spring embedded WebApplicationContext
2023-12-19 07:50:00.094  INFO --- [                          main] w.s.c.ServletWebServerApplicationContext : Root WebApplicationContext: initialization completed in 2211 ms
2023-12-19 07:50:00.956  INFO --- [                          main] o.s.b.a.w.s.WelcomePageHandlerMapping    : Adding welcome page: class path resource [static/index.html]
2023-12-19 07:50:01.254  INFO --- [                          main] o.s.s.web.DefaultSecurityFilterChain     : Will secure Ant [pattern='/'] with []
2023-12-19 07:50:01.254  INFO --- [                          main] o.s.s.web.DefaultSecurityFilterChain     : Will secure Ant [pattern='/**/*.css'] with []
2023-12-19 07:50:01.254  INFO --- [                          main] o.s.s.web.DefaultSecurityFilterChain     : Will secure Ant [pattern='/**/*.js'] with []
2023-12-19 07:50:01.254  INFO --- [                          main] o.s.s.web.DefaultSecurityFilterChain     : Will secure Ant [pattern='/**/*.html'] with []
2023-12-19 07:50:01.255  INFO --- [                          main] o.s.s.web.DefaultSecurityFilterChain     : Will secure Ant [pattern='/**/*.map'] with []
2023-12-19 07:50:01.255  INFO --- [                          main] o.s.s.web.DefaultSecurityFilterChain     : Will secure Ant [pattern='/**/*.svg'] with []
2023-12-19 07:50:01.255  INFO --- [                          main] o.s.s.web.DefaultSecurityFilterChain     : Will secure Ant [pattern='/**/*.png'] with []
2023-12-19 07:50:01.255  INFO --- [                          main] o.s.s.web.DefaultSecurityFilterChain     : Will secure Ant [pattern='/**/*.ico'] with []
2023-12-19 07:50:01.255  INFO --- [                          main] o.s.s.web.DefaultSecurityFilterChain     : Will secure Ant [pattern='/console-fe/public/**'] with []
2023-12-19 07:50:01.255  INFO --- [                          main] o.s.s.web.DefaultSecurityFilterChain     : Will secure Ant [pattern='/api/v1/auth/login'] with []
2023-12-19 07:50:01.282  INFO --- [                          main] o.s.s.web.DefaultSecurityFilterChain     : Will secure any request with [org.springframework.security.web.context.request.async.WebAsyncManagerIntegrationFilter@359ceb13, org.springframework.security.web.context.SecurityContextPersistenceFilter@49754e74, org.springframework.security.web.header.HeaderWriterFilter@47569167, org.springframework.security.web.authentication.logout.LogoutFilter@2bba35ef, io.seata.console.filter.JwtAuthenticationTokenFilter@1068176, org.springframework.security.web.savedrequest.RequestCacheAwareFilter@1b46392c, org.springframework.security.web.servletapi.SecurityContextHolderAwareRequestFilter@341c6ac2, org.springframework.security.web.authentication.AnonymousAuthenticationFilter@5bf4764d, org.springframework.security.web.session.SessionManagementFilter@736b21ee, org.springframework.security.web.access.ExceptionTranslationFilter@35f7969d, org.springframework.security.web.access.intercept.FilterSecurityInterceptor@4dd2ef54]
2023-12-19 07:50:01.319  INFO --- [                          main] o.a.coyote.http11.Http11NioProtocol      : Starting ProtocolHandler ["http-nio-7099"]
2023-12-19 07:50:01.356  INFO --- [                          main] o.s.b.w.embedded.tomcat.TomcatWebServer  : Tomcat started on port(s): 7099 (http) with context path ''
2023-12-19 07:50:01.369  INFO --- [                          main] io.seata.server.ServerApplication        : Started ServerApplication in 9.031 seconds (JVM running for 14.487)
2023-12-19 07:50:01.410 ERROR --- [                          main] c.a.n.c.config.http.ServerHttpAgent      : [NACOS ConnectException httpGet] currentServerAddr:http://nacos:8848, err : Connection refused (Connection refused)
2023-12-19 07:50:01.610 ERROR --- [                          main] c.a.n.c.config.http.ServerHttpAgent      : [NACOS ConnectException httpGet] currentServerAddr:http://nacos:8848, err : Connection refused (Connection refused)
2023-12-19 07:50:01.810 ERROR --- [                          main] c.a.n.c.config.http.ServerHttpAgent      : [NACOS ConnectException httpGet] currentServerAddr:http://nacos:8848, err : Connection refused (Connection refused)
2023-12-19 07:50:02.010 ERROR --- [                          main] c.a.n.c.config.http.ServerHttpAgent      : [NACOS ConnectException httpGet] currentServerAddr:http://nacos:8848, err : Connection refused (Connection refused)
2023-12-19 07:50:02.013 ERROR --- [                          main] c.a.n.client.config.impl.ClientWorker    : [fixed-nacos_8848] [sub-server] get server config exception, dataId=metrics.enabled, group=DEFAULT_GROUP, tenant=
==>
java.net.ConnectException: [NACOS HTTP-GET] The maximum number of tolerable server reconnection errors has been reached
	at com.alibaba.nacos.client.config.http.ServerHttpAgent.httpGet(ServerHttpAgent.java:125)
	at com.alibaba.nacos.client.config.http.MetricsHttpAgent.httpGet(MetricsHttpAgent.java:51)
	at com.alibaba.nacos.client.config.impl.ClientWorker.getServerConfig(ClientWorker.java:200)
	at com.alibaba.nacos.client.config.NacosConfigService.getConfigInner(NacosConfigService.java:160)
	at com.alibaba.nacos.client.config.NacosConfigService.getConfig(NacosConfigService.java:100)
	at io.seata.config.nacos.NacosConfiguration.getLatestConfig(NacosConfiguration.java:109)
	at io.seata.config.AbstractConfiguration.getConfig(AbstractConfiguration.java:141)
	at io.seata.config.AbstractConfiguration.getConfig(AbstractConfiguration.java:132)
	at io.seata.config.AbstractConfiguration.getBoolean(AbstractConfiguration.java:111)
	at io.seata.config.AbstractConfiguration.getBoolean(AbstractConfiguration.java:117)
	at sun.reflect.NativeMethodAccessorImpl.invoke0(Native Method)
	at sun.reflect.NativeMethodAccessorImpl.invoke(NativeMethodAccessorImpl.java:62)
	at sun.reflect.DelegatingMethodAccessorImpl.invoke(DelegatingMethodAccessorImpl.java:43)
	at java.lang.reflect.Method.invoke(Method.java:498)
	at io.seata.config.ConfigurationCache.lambda$proxy$1(ConfigurationCache.java:116)
	at io.seata.config.Configuration$$EnhancerByCGLIB$$d4e8f256.getBoolean(<generated>)
	at io.seata.server.metrics.MetricsManager.init(MetricsManager.java:49)
	at io.seata.server.Server.start(Server.java:61)
	at io.seata.server.ServerRunner.run(ServerRunner.java:50)
	at org.springframework.boot.SpringApplication.callRunner(SpringApplication.java:808)
	at org.springframework.boot.SpringApplication.callRunners(SpringApplication.java:792)
	at org.springframework.boot.SpringApplication.run(SpringApplication.java:346)
	at org.springframework.boot.SpringApplication.run(SpringApplication.java:1329)
	at org.springframework.boot.SpringApplication.run(SpringApplication.java:1318)
	at io.seata.server.ServerApplication.main(ServerApplication.java:30)
<==

2023-12-19 07:50:02.014  WARN --- [                          main] c.a.n.client.config.NacosConfigService   : [fixed-nacos_8848] [get-config] get from server error, dataId=metrics.enabled, group=DEFAULT_GROUP, tenant=, msg=ErrCode:500, ErrMsg:[NACOS HTTP-GET] The maximum number of tolerable server reconnection errors has been reached
2023-12-19 07:50:02.014  WARN --- [                          main] c.a.n.client.config.NacosConfigService   : [fixed-nacos_8848] [get-config] get snapshot ok, dataId=metrics.enabled, group=DEFAULT_GROUP, tenant=, config=
2023-12-19 07:50:02.017 ERROR --- [                          main] c.a.n.c.config.http.ServerHttpAgent      : [NACOS ConnectException httpGet] currentServerAddr:http://nacos:8848, err : Connection refused (Connection refused)
2023-12-19 07:50:02.218 ERROR --- [                          main] c.a.n.c.config.http.ServerHttpAgent      : [NACOS ConnectException httpGet] currentServerAddr:http://nacos:8848, err : Connection refused (Connection refused)
2023-12-19 07:50:02.417 ERROR --- [                          main] c.a.n.c.config.http.ServerHttpAgent      : [NACOS ConnectException httpGet] currentServerAddr:http://nacos:8848, err : Connection refused (Connection refused)
2023-12-19 07:50:02.617 ERROR --- [                          main] c.a.n.c.config.http.ServerHttpAgent      : [NACOS ConnectException httpGet] currentServerAddr:http://nacos:8848, err : Connection refused (Connection refused)
2023-12-19 07:50:02.618 ERROR --- [                          main] c.a.n.client.config.impl.ClientWorker    : [fixed-nacos_8848] [sub-server] get server config exception, dataId=transport.threadFactory.bossThreadPrefix, group=DEFAULT_GROUP, tenant=
==>
java.net.ConnectException: [NACOS HTTP-GET] The maximum number of tolerable server reconnection errors has been reached
	at com.alibaba.nacos.client.config.http.ServerHttpAgent.httpGet(ServerHttpAgent.java:125)
	at com.alibaba.nacos.client.config.http.MetricsHttpAgent.httpGet(MetricsHttpAgent.java:51)
	at com.alibaba.nacos.client.config.impl.ClientWorker.getServerConfig(ClientWorker.java:200)
	at com.alibaba.nacos.client.config.NacosConfigService.getConfigInner(NacosConfigService.java:160)
	at com.alibaba.nacos.client.config.NacosConfigService.getConfig(NacosConfigService.java:100)
	at io.seata.config.nacos.NacosConfiguration.getLatestConfig(NacosConfiguration.java:109)
	at io.seata.config.AbstractConfiguration.getConfig(AbstractConfiguration.java:141)
	at io.seata.config.AbstractConfiguration.getConfig(AbstractConfiguration.java:132)
	at io.seata.config.AbstractConfiguration.getConfig(AbstractConfiguration.java:146)
	at sun.reflect.NativeMethodAccessorImpl.invoke0(Native Method)
	at sun.reflect.NativeMethodAccessorImpl.invoke(NativeMethodAccessorImpl.java:62)
	at sun.reflect.DelegatingMethodAccessorImpl.invoke(DelegatingMethodAccessorImpl.java:43)
	at java.lang.reflect.Method.invoke(Method.java:498)
	at io.seata.config.ConfigurationCache.lambda$proxy$1(ConfigurationCache.java:116)
	at io.seata.config.Configuration$$EnhancerByCGLIB$$d4e8f256.getConfig(<generated>)
	at io.seata.core.rpc.netty.NettyBaseConfig.<clinit>(NettyBaseConfig.java:58)
	at io.seata.server.Server.start(Server.java:65)
	at io.seata.server.ServerRunner.run(ServerRunner.java:50)
	at org.springframework.boot.SpringApplication.callRunner(SpringApplication.java:808)
	at org.springframework.boot.SpringApplication.callRunners(SpringApplication.java:792)
	at org.springframework.boot.SpringApplication.run(SpringApplication.java:346)
	at org.springframework.boot.SpringApplication.run(SpringApplication.java:1329)
	at org.springframework.boot.SpringApplication.run(SpringApplication.java:1318)
	at io.seata.server.ServerApplication.main(ServerApplication.java:30)
<==

2023-12-19 07:50:02.618  WARN --- [                          main] c.a.n.client.config.NacosConfigService   : [fixed-nacos_8848] [get-config] get from server error, dataId=transport.threadFactory.bossThreadPrefix, group=DEFAULT_GROUP, tenant=, msg=ErrCode:500, ErrMsg:[NACOS HTTP-GET] The maximum number of tolerable server reconnection errors has been reached
2023-12-19 07:50:02.619  WARN --- [                          main] c.a.n.client.config.NacosConfigService   : [fixed-nacos_8848] [get-config] get snapshot ok, dataId=transport.threadFactory.bossThreadPrefix, group=DEFAULT_GROUP, tenant=, config=
2023-12-19 07:50:02.620 ERROR --- [                          main] c.a.n.c.config.http.ServerHttpAgent      : [NACOS ConnectException httpGet] currentServerAddr:http://nacos:8848, err : Connection refused (Connection refused)
2023-12-19 07:50:02.820 ERROR --- [                          main] c.a.n.c.config.http.ServerHttpAgent      : [NACOS ConnectException httpGet] currentServerAddr:http://nacos:8848, err : Connection refused (Connection refused)
2023-12-19 07:50:03.021 ERROR --- [                          main] c.a.n.c.config.http.ServerHttpAgent      : [NACOS ConnectException httpGet] currentServerAddr:http://nacos:8848, err : Connection refused (Connection refused)
2023-12-19 07:50:03.221 ERROR --- [                          main] c.a.n.c.config.http.ServerHttpAgent      : [NACOS ConnectException httpGet] currentServerAddr:http://nacos:8848, err : Connection refused (Connection refused)
2023-12-19 07:50:03.221 ERROR --- [                          main] c.a.n.client.config.impl.ClientWorker    : [fixed-nacos_8848] [sub-server] get server config exception, dataId=transport.threadFactory.workerThreadPrefix, group=DEFAULT_GROUP, tenant=
==>
java.net.ConnectException: [NACOS HTTP-GET] The maximum number of tolerable server reconnection errors has been reached
	at com.alibaba.nacos.client.config.http.ServerHttpAgent.httpGet(ServerHttpAgent.java:125)
	at com.alibaba.nacos.client.config.http.MetricsHttpAgent.httpGet(MetricsHttpAgent.java:51)
	at com.alibaba.nacos.client.config.impl.ClientWorker.getServerConfig(ClientWorker.java:200)
	at com.alibaba.nacos.client.config.NacosConfigService.getConfigInner(NacosConfigService.java:160)
	at com.alibaba.nacos.client.config.NacosConfigService.getConfig(NacosConfigService.java:100)
	at io.seata.config.nacos.NacosConfiguration.getLatestConfig(NacosConfiguration.java:109)
	at io.seata.config.AbstractConfiguration.getConfig(AbstractConfiguration.java:141)
	at io.seata.config.AbstractConfiguration.getConfig(AbstractConfiguration.java:132)
	at io.seata.config.AbstractConfiguration.getConfig(AbstractConfiguration.java:146)
	at sun.reflect.NativeMethodAccessorImpl.invoke0(Native Method)
	at sun.reflect.NativeMethodAccessorImpl.invoke(NativeMethodAccessorImpl.java:62)
	at sun.reflect.DelegatingMethodAccessorImpl.invoke(DelegatingMethodAccessorImpl.java:43)
	at java.lang.reflect.Method.invoke(Method.java:498)
	at io.seata.config.ConfigurationCache.lambda$proxy$1(ConfigurationCache.java:116)
	at io.seata.config.Configuration$$EnhancerByCGLIB$$d4e8f256.getConfig(<generated>)
	at io.seata.core.rpc.netty.NettyBaseConfig.<clinit>(NettyBaseConfig.java:63)
	at io.seata.server.Server.start(Server.java:65)
	at io.seata.server.ServerRunner.run(ServerRunner.java:50)
	at org.springframework.boot.SpringApplication.callRunner(SpringApplication.java:808)
	at org.springframework.boot.SpringApplication.callRunners(SpringApplication.java:792)
	at org.springframework.boot.SpringApplication.run(SpringApplication.java:346)
	at org.springframework.boot.SpringApplication.run(SpringApplication.java:1329)
	at org.springframework.boot.SpringApplication.run(SpringApplication.java:1318)
	at io.seata.server.ServerApplication.main(ServerApplication.java:30)
<==

2023-12-19 07:50:03.221  WARN --- [                          main] c.a.n.client.config.NacosConfigService   : [fixed-nacos_8848] [get-config] get from server error, dataId=transport.threadFactory.workerThreadPrefix, group=DEFAULT_GROUP, tenant=, msg=ErrCode:500, ErrMsg:[NACOS HTTP-GET] The maximum number of tolerable server reconnection errors has been reached
2023-12-19 07:50:03.222  WARN --- [                          main] c.a.n.client.config.NacosConfigService   : [fixed-nacos_8848] [get-config] get snapshot ok, dataId=transport.threadFactory.workerThreadPrefix, group=DEFAULT_GROUP, tenant=, config=
2023-12-19 07:50:03.223 ERROR --- [                          main] c.a.n.c.config.http.ServerHttpAgent      : [NACOS ConnectException httpGet] currentServerAddr:http://nacos:8848, err : Connection refused (Connection refused)
2023-12-19 07:50:03.423 ERROR --- [                          main] c.a.n.c.config.http.ServerHttpAgent      : [NACOS ConnectException httpGet] currentServerAddr:http://nacos:8848, err : Connection refused (Connection refused)
2023-12-19 07:50:03.624 ERROR --- [                          main] c.a.n.c.config.http.ServerHttpAgent      : [NACOS ConnectException httpGet] currentServerAddr:http://nacos:8848, err : Connection refused (Connection refused)
2023-12-19 07:50:03.823 ERROR --- [                          main] c.a.n.c.config.http.ServerHttpAgent      : [NACOS ConnectException httpGet] currentServerAddr:http://nacos:8848, err : Connection refused (Connection refused)
2023-12-19 07:50:03.824 ERROR --- [                          main] c.a.n.client.config.impl.ClientWorker    : [fixed-nacos_8848] [sub-server] get server config exception, dataId=transport.threadFactory.shareBossWorker, group=DEFAULT_GROUP, tenant=
==>
java.net.ConnectException: [NACOS HTTP-GET] The maximum number of tolerable server reconnection errors has been reached
	at com.alibaba.nacos.client.config.http.ServerHttpAgent.httpGet(ServerHttpAgent.java:125)
	at com.alibaba.nacos.client.config.http.MetricsHttpAgent.httpGet(MetricsHttpAgent.java:51)
	at com.alibaba.nacos.client.config.impl.ClientWorker.getServerConfig(ClientWorker.java:200)
	at com.alibaba.nacos.client.config.NacosConfigService.getConfigInner(NacosConfigService.java:160)
	at com.alibaba.nacos.client.config.NacosConfigService.getConfig(NacosConfigService.java:100)
	at io.seata.config.nacos.NacosConfiguration.getLatestConfig(NacosConfiguration.java:109)
	at io.seata.config.AbstractConfiguration.getConfig(AbstractConfiguration.java:141)
	at io.seata.config.AbstractConfiguration.getConfig(AbstractConfiguration.java:132)
	at io.seata.config.AbstractConfiguration.getBoolean(AbstractConfiguration.java:111)
	at io.seata.config.AbstractConfiguration.getBoolean(AbstractConfiguration.java:117)
	at io.seata.config.AbstractConfiguration.getBoolean(AbstractConfiguration.java:122)
	at sun.reflect.NativeMethodAccessorImpl.invoke0(Native Method)
	at sun.reflect.NativeMethodAccessorImpl.invoke(NativeMethodAccessorImpl.java:62)
	at sun.reflect.DelegatingMethodAccessorImpl.invoke(DelegatingMethodAccessorImpl.java:43)
	at java.lang.reflect.Method.invoke(Method.java:498)
	at io.seata.config.ConfigurationCache.lambda$proxy$1(ConfigurationCache.java:116)
	at io.seata.config.Configuration$$EnhancerByCGLIB$$d4e8f256.getBoolean(<generated>)
	at io.seata.core.rpc.netty.NettyBaseConfig.<clinit>(NettyBaseConfig.java:68)
	at io.seata.server.Server.start(Server.java:65)
	at io.seata.server.ServerRunner.run(ServerRunner.java:50)
	at org.springframework.boot.SpringApplication.callRunner(SpringApplication.java:808)
	at org.springframework.boot.SpringApplication.callRunners(SpringApplication.java:792)
	at org.springframework.boot.SpringApplication.run(SpringApplication.java:346)
	at org.springframework.boot.SpringApplication.run(SpringApplication.java:1329)
	at org.springframework.boot.SpringApplication.run(SpringApplication.java:1318)
	at io.seata.server.ServerApplication.main(ServerApplication.java:30)
<==

2023-12-19 07:50:03.825  WARN --- [                          main] c.a.n.client.config.NacosConfigService   : [fixed-nacos_8848] [get-config] get from server error, dataId=transport.threadFactory.shareBossWorker, group=DEFAULT_GROUP, tenant=, msg=ErrCode:500, ErrMsg:[NACOS HTTP-GET] The maximum number of tolerable server reconnection errors has been reached
2023-12-19 07:50:03.825  WARN --- [                          main] c.a.n.client.config.NacosConfigService   : [fixed-nacos_8848] [get-config] get snapshot ok, dataId=transport.threadFactory.shareBossWorker, group=DEFAULT_GROUP, tenant=, config=
2023-12-19 07:50:03.826 ERROR --- [                          main] c.a.n.c.config.http.ServerHttpAgent      : [NACOS ConnectException httpGet] currentServerAddr:http://nacos:8848, err : Connection refused (Connection refused)
2023-12-19 07:50:04.027 ERROR --- [                          main] c.a.n.c.config.http.ServerHttpAgent      : [NACOS ConnectException httpGet] currentServerAddr:http://nacos:8848, err : Connection refused (Connection refused)
2023-12-19 07:50:04.227 ERROR --- [                          main] c.a.n.c.config.http.ServerHttpAgent      : [NACOS ConnectException httpGet] currentServerAddr:http://nacos:8848, err : Connection refused (Connection refused)
2023-12-19 07:50:04.427 ERROR --- [                          main] c.a.n.c.config.http.ServerHttpAgent      : [NACOS ConnectException httpGet] currentServerAddr:http://nacos:8848, err : Connection refused (Connection refused)
2023-12-19 07:50:04.428 ERROR --- [                          main] c.a.n.client.config.impl.ClientWorker    : [fixed-nacos_8848] [sub-server] get server config exception, dataId=transport.type, group=DEFAULT_GROUP, tenant=
==>
java.net.ConnectException: [NACOS HTTP-GET] The maximum number of tolerable server reconnection errors has been reached
	at com.alibaba.nacos.client.config.http.ServerHttpAgent.httpGet(ServerHttpAgent.java:125)
	at com.alibaba.nacos.client.config.http.MetricsHttpAgent.httpGet(MetricsHttpAgent.java:51)
	at com.alibaba.nacos.client.config.impl.ClientWorker.getServerConfig(ClientWorker.java:200)
	at com.alibaba.nacos.client.config.NacosConfigService.getConfigInner(NacosConfigService.java:160)
	at com.alibaba.nacos.client.config.NacosConfigService.getConfig(NacosConfigService.java:100)
	at io.seata.config.nacos.NacosConfiguration.getLatestConfig(NacosConfiguration.java:109)
	at io.seata.config.AbstractConfiguration.getConfig(AbstractConfiguration.java:141)
	at io.seata.config.AbstractConfiguration.getConfig(AbstractConfiguration.java:127)
	at sun.reflect.NativeMethodAccessorImpl.invoke0(Native Method)
	at sun.reflect.NativeMethodAccessorImpl.invoke(NativeMethodAccessorImpl.java:62)
	at sun.reflect.DelegatingMethodAccessorImpl.invoke(DelegatingMethodAccessorImpl.java:43)
	at java.lang.reflect.Method.invoke(Method.java:498)
	at io.seata.config.ConfigurationCache.lambda$proxy$1(ConfigurationCache.java:116)
	at io.seata.config.Configuration$$EnhancerByCGLIB$$d4e8f256.getConfig(<generated>)
	at io.seata.core.rpc.netty.NettyBaseConfig.<clinit>(NettyBaseConfig.java:115)
	at io.seata.server.Server.start(Server.java:65)
	at io.seata.server.ServerRunner.run(ServerRunner.java:50)
	at org.springframework.boot.SpringApplication.callRunner(SpringApplication.java:808)
	at org.springframework.boot.SpringApplication.callRunners(SpringApplication.java:792)
	at org.springframework.boot.SpringApplication.run(SpringApplication.java:346)
	at org.springframework.boot.SpringApplication.run(SpringApplication.java:1329)
	at org.springframework.boot.SpringApplication.run(SpringApplication.java:1318)
	at io.seata.server.ServerApplication.main(ServerApplication.java:30)
<==

2023-12-19 07:50:04.428  WARN --- [                          main] c.a.n.client.config.NacosConfigService   : [fixed-nacos_8848] [get-config] get from server error, dataId=transport.type, group=DEFAULT_GROUP, tenant=, msg=ErrCode:500, ErrMsg:[NACOS HTTP-GET] The maximum number of tolerable server reconnection errors has been reached
2023-12-19 07:50:04.429  WARN --- [                          main] c.a.n.client.config.NacosConfigService   : [fixed-nacos_8848] [get-config] get snapshot ok, dataId=transport.type, group=DEFAULT_GROUP, tenant=, config=
2023-12-19 07:50:04.431 ERROR --- [                          main] c.a.n.c.config.http.ServerHttpAgent      : [NACOS ConnectException httpGet] currentServerAddr:http://nacos:8848, err : Connection refused (Connection refused)
2023-12-19 07:50:04.630 ERROR --- [                          main] c.a.n.c.config.http.ServerHttpAgent      : [NACOS ConnectException httpGet] currentServerAddr:http://nacos:8848, err : Connection refused (Connection refused)
2023-12-19 07:50:04.831 ERROR --- [                          main] c.a.n.c.config.http.ServerHttpAgent      : [NACOS ConnectException httpGet] currentServerAddr:http://nacos:8848, err : Connection refused (Connection refused)
2023-12-19 07:50:05.031 ERROR --- [                          main] c.a.n.c.config.http.ServerHttpAgent      : [NACOS ConnectException httpGet] currentServerAddr:http://nacos:8848, err : Connection refused (Connection refused)
2023-12-19 07:50:05.032 ERROR --- [                          main] c.a.n.client.config.impl.ClientWorker    : [fixed-nacos_8848] [sub-server] get server config exception, dataId=transport.threadFactory.workerThreadSize, group=DEFAULT_GROUP, tenant=
==>
java.net.ConnectException: [NACOS HTTP-GET] The maximum number of tolerable server reconnection errors has been reached
	at com.alibaba.nacos.client.config.http.ServerHttpAgent.httpGet(ServerHttpAgent.java:125)
	at com.alibaba.nacos.client.config.http.MetricsHttpAgent.httpGet(MetricsHttpAgent.java:51)
	at com.alibaba.nacos.client.config.impl.ClientWorker.getServerConfig(ClientWorker.java:200)
	at com.alibaba.nacos.client.config.NacosConfigService.getConfigInner(NacosConfigService.java:160)
	at com.alibaba.nacos.client.config.NacosConfigService.getConfig(NacosConfigService.java:100)
	at io.seata.config.nacos.NacosConfiguration.getLatestConfig(NacosConfiguration.java:109)
	at io.seata.config.AbstractConfiguration.getConfig(AbstractConfiguration.java:141)
	at io.seata.config.AbstractConfiguration.getConfig(AbstractConfiguration.java:132)
	at io.seata.config.AbstractConfiguration.getConfig(AbstractConfiguration.java:146)
	at sun.reflect.NativeMethodAccessorImpl.invoke0(Native Method)
	at sun.reflect.NativeMethodAccessorImpl.invoke(NativeMethodAccessorImpl.java:62)
	at sun.reflect.DelegatingMethodAccessorImpl.invoke(DelegatingMethodAccessorImpl.java:43)
	at java.lang.reflect.Method.invoke(Method.java:498)
	at io.seata.config.ConfigurationCache.lambda$proxy$1(ConfigurationCache.java:116)
	at io.seata.config.Configuration$$EnhancerByCGLIB$$d4e8f256.getConfig(<generated>)
	at io.seata.core.rpc.netty.NettyBaseConfig.<clinit>(NettyBaseConfig.java:116)
	at io.seata.server.Server.start(Server.java:65)
	at io.seata.server.ServerRunner.run(ServerRunner.java:50)
	at org.springframework.boot.SpringApplication.callRunner(SpringApplication.java:808)
	at org.springframework.boot.SpringApplication.callRunners(SpringApplication.java:792)
	at org.springframework.boot.SpringApplication.run(SpringApplication.java:346)
	at org.springframework.boot.SpringApplication.run(SpringApplication.java:1329)
	at org.springframework.boot.SpringApplication.run(SpringApplication.java:1318)
	at io.seata.server.ServerApplication.main(ServerApplication.java:30)
<==

2023-12-19 07:50:05.032  WARN --- [                          main] c.a.n.client.config.NacosConfigService   : [fixed-nacos_8848] [get-config] get from server error, dataId=transport.threadFactory.workerThreadSize, group=DEFAULT_GROUP, tenant=, msg=ErrCode:500, ErrMsg:[NACOS HTTP-GET] The maximum number of tolerable server reconnection errors has been reached
2023-12-19 07:50:05.033  WARN --- [                          main] c.a.n.client.config.NacosConfigService   : [fixed-nacos_8848] [get-config] get snapshot ok, dataId=transport.threadFactory.workerThreadSize, group=DEFAULT_GROUP, tenant=, config=
2023-12-19 07:50:05.035 ERROR --- [                          main] c.a.n.c.config.http.ServerHttpAgent      : [NACOS ConnectException httpGet] currentServerAddr:http://nacos:8848, err : Connection refused (Connection refused)
2023-12-19 07:50:05.075 ERROR --- [client.config.security.updater] c.a.nacos.client.security.SecurityProxy  : [SecurityProxy] login http request failed url: http://nacos:8848/nacos/v1/auth/users/login, params: {username=nacos}, bodyMap: {password=nacos}, errorMsg: Connection refused (Connection refused)
2023-12-19 07:50:05.236 ERROR --- [                          main] c.a.n.c.config.http.ServerHttpAgent      : [NACOS ConnectException httpGet] currentServerAddr:http://nacos:8848, err : Connection refused (Connection refused)
2023-12-19 07:50:05.435 ERROR --- [                          main] c.a.n.c.config.http.ServerHttpAgent      : [NACOS ConnectException httpGet] currentServerAddr:http://nacos:8848, err : Connection refused (Connection refused)
2023-12-19 07:50:06.305  INFO --- [                          main] i.s.core.rpc.netty.NettyServerBootstrap  : Server started, service listen port: 8099
2023-12-19 07:50:06.333  INFO --- [                          main] com.alibaba.nacos.client.naming          : initializer namespace from System Property :null
2023-12-19 07:50:06.513  INFO --- [                          main] com.alibaba.nacos.client.naming          : [BEAT] adding beat: BeatInfo{port=8099, ip='192.168.1.123', weight=1.0, serviceName='DEFAULT_GROUP@@seata-server', cluster='default', metadata={}, scheduled=false, period=5000, stopped=false} to beat map.
2023-12-19 07:50:06.516  INFO --- [                          main] com.alibaba.nacos.client.naming          : [REGISTER-SERVICE] public registering service DEFAULT_GROUP@@seata-server with instance: Instance{instanceId='null', ip='192.168.1.123', port=8099, weight=1.0, healthy=true, enabled=true, ephemeral=true, clusterName='default', serviceName='null', metadata={}}
2023-12-19 07:50:06.546  INFO --- [                          main] io.seata.server.ServerRunner             : seata server started in 5175 millSeconds
